-------------------------------------------------------------------------------
Test set: hse.software_design.PointTest
-------------------------------------------------------------------------------
Tests run: 8, Failures: 1, Errors: 0, Skipped: 0, Time elapsed: 0.019 s <<< FAILURE! - in hse.software_design.PointTest
testCloneValues  Time elapsed: 0.003 s  <<< FAILURE!
org.opentest4j.AssertionFailedError: expected: <false> but was: <true>
	at hse.software_design.PointTest.testCloneValues(PointTest.java:84)

