<?xml version="1.0" encoding="UTF-8"?>
<testsuite xmlns:xsi="http://www.w3.org/2001/XMLSchema-instance" xsi:noNamespaceSchemaLocation="https://maven.apache.org/surefire/maven-surefire-plugin/xsd/surefire-test-report.xsd" name="hse.software_design.Coord2DTest" time="0.117" tests="7" errors="0" skipped="0" failures="1">
  <properties>
[...]
</properties>
  <testcase name="testEqualsOnlyX" classname="hse.software_design.Coord2DTest" time="0.048"/>
  <testcase name="testEqualsOnlyY" classname="hse.software_design.Coord2DTest" time="0.001"/>
  <testcase name="testCloneValues" classname="hse.software_design.Coord2DTest" time="0.002"/>
  <testcase name="testEqualsBoth" classname="hse.software_design.Coord2DTest" time="0.014">
    <failure message="expected: &lt;false&gt; but was: &lt;true&gt;" type="org.opentest4j.AssertionFailedError"><![CDATA[org.opentest4j.AssertionFailedError: expected: <false> but was: <true>
	at hse.software_design.Coord2DTest.testEqualsBoth(Coord2DTest.java:42)
]]></failure>
    <system-out><![CDATA[FuncTest started
FuncTest ended
]]></system-out>
  </testcase>
  <testcase name="testEqualsNone" classname="hse.software_design.Coord2DTest" time="0.002"/>
  <testcase name="testCloneDeepCopy" classname="hse.software_design.Coord2DTest" time="0.001"/>
  <testcase name="getCoordinates" classname="hse.software_design.Coord2DTest" time="0.002"/>
</testsuite>